\BOOKMARK [0][-]{chapter.1}{Introduction}{}
\BOOKMARK [1][-]{section.1.1}{Welcome to Cavium NAS targeted for Small Office Home Office segment.}{chapter.1}
\BOOKMARK [1][-]{section.1.2}{features}{chapter.1}
\BOOKMARK [1][-]{section.1.3}{Availability}{chapter.1}
\BOOKMARK [1][-]{section.1.4}{Contact}{chapter.1}
\BOOKMARK [0][-]{chapter.2}{Status and Responses}{}
\BOOKMARK [1][-]{section.2.1}{Status Codes}{chapter.2}
\BOOKMARK [1][-]{section.2.2}{Error Messages}{chapter.2}
\BOOKMARK [0][-]{chapter.3}{Storage}{}
\BOOKMARK [1][-]{section.3.1}{iSCSI}{chapter.3}
\BOOKMARK [0][-]{chapter.4}{Disks}{}
\BOOKMARK [1][-]{section.4.1}{Disk Object}{chapter.4}
\BOOKMARK [1][-]{section.4.2}{GET - Disks}{chapter.4}
\BOOKMARK [1][-]{section.4.3}{PUT - Claim Disk}{chapter.4}
\BOOKMARK [1][-]{section.4.4}{POST - Eject Disk}{chapter.4}
\BOOKMARK [0][-]{chapter.5}{Volumes}{}
\BOOKMARK [1][-]{section.5.1}{Volume Object}{chapter.5}
\BOOKMARK [1][-]{section.5.2}{GET Volumes}{chapter.5}
\BOOKMARK [1][-]{section.5.3}{POST - Create Volume}{chapter.5}
\BOOKMARK [1][-]{section.5.4}{DELETE - Delete Volume}{chapter.5}
\BOOKMARK [1][-]{section.5.5}{PUT - Edit Volume}{chapter.5}
\BOOKMARK [1][-]{section.5.6}{PUT - Migrate Volume}{chapter.5}
\BOOKMARK [1][-]{section.5.7}{PUT - Extend Volume}{chapter.5}
\BOOKMARK [1][-]{section.5.8}{PUT - Recover Volume}{chapter.5}
\BOOKMARK [0][-]{chapter.6}{Shares}{}
\BOOKMARK [1][-]{section.6.1}{Share Object}{chapter.6}
\BOOKMARK [1][-]{section.6.2}{GET Shares}{chapter.6}
\BOOKMARK [1][-]{section.6.3}{POST - Create Share}{chapter.6}
\BOOKMARK [1][-]{section.6.4}{DELETE - Delete Share}{chapter.6}
\BOOKMARK [1][-]{section.6.5}{PUT - Edit Share}{chapter.6}
\BOOKMARK [0][-]{chapter.7}{Users and Groups}{}
\BOOKMARK [1][-]{section.7.1}{User Object}{chapter.7}
\BOOKMARK [1][-]{section.7.2}{GET Users}{chapter.7}
\BOOKMARK [1][-]{section.7.3}{POST - Create User}{chapter.7}
\BOOKMARK [1][-]{section.7.4}{DELETE - Delete User}{chapter.7}
\BOOKMARK [1][-]{section.7.5}{PUT - Edit User}{chapter.7}
\BOOKMARK [1][-]{section.7.6}{Group Object}{chapter.7}
\BOOKMARK [1][-]{section.7.7}{GET Groups}{chapter.7}
\BOOKMARK [1][-]{section.7.8}{POST - Create Group}{chapter.7}
\BOOKMARK [1][-]{section.7.9}{DELETE - Delete Group}{chapter.7}
\BOOKMARK [1][-]{section.7.10}{PUT - Edit Group}{chapter.7}
\BOOKMARK [0][-]{chapter.8}{Network}{}
\BOOKMARK [1][-]{section.8.1}{Network Object}{chapter.8}
\BOOKMARK [1][-]{section.8.2}{GET Network}{chapter.8}
\BOOKMARK [1][-]{section.8.3}{PUT - Edit Network}{chapter.8}
\BOOKMARK [0][-]{chapter.9}{Indices and tables}{}
